<?xml version="1.0" encoding="UTF-8"?>
<!-- Generated by org.testng.reporters.JUnitReportReporter -->
<testsuite hostname="ATMECSINLT-286" failures="0" tests="1" name="testCases.ValidateAndNavigateMenu" time="75.554" errors="0" timestamp="2023-01-30T16:09:38 GMT+05:30" skipped="0">
  <testcase classname="testCases.ValidateAndNavigateMenu" name="validateAndNavigateMenu" time="75.554"/>
  <system-out/>
</testsuite> <!-- testCases.ValidateAndNavigateMenu -->
